PhotoLocator/app/build/intermediates/manifest_merge_blame_file/debug/manifest-merger-blame-debug-report.txt
1<?xml version="1.0" encoding="utf-8"?>
2<manifest xmlns:android="http://schemas.android.com/apk/res/android"
3    package="com.apps.photolocator"
4    android:versionCode="1"
5    android:versionName="1.0" >
6
7    <uses-sdk
8        android:minSdkVersion="17"
8-->src\main\AndroidManifest.xml
9        android:targetSdkVersion="29" />
9-->src\main\AndroidManifest.xml
10    <!--
11         The ACCESS_COARSE/FINE_LOCATION permissions are not required to use
12         Google Maps Android API v2, but you must specify either coarse or fine
13         location permissions for the 'MyLocation' functionality.
14    -->
15    <uses-permission android:name="android.permission.ACCESS_FINE_LOCATION" />
15-->src\main\AndroidManifest.xml:9:5-79
15-->src\main\AndroidManifest.xml:9:22-76
16    <uses-permission android:name="android.permission.WRITE_EXTERNAL_STORAGE" />
16-->src\main\AndroidManifest.xml:10:5-81
16-->src\main\AndroidManifest.xml:10:22-78
17
18    <uses-feature
18-->src\main\AndroidManifest.xml:13:5-15:35
19        android:name="android.hardware.camera"
19-->src\main\AndroidManifest.xml:14:9-47
20        android:required="true" />
20-->src\main\AndroidManifest.xml:15:9-32
21
22    <!-- Include required permissions for Google Maps API to run. -->
23    <uses-permission android:name="android.permission.ACCESS_NETWORK_STATE" />
23-->[com.google.android.gms:play-services-maps:17.0.0] AndroidManifest.xml:23:5-79
23-->[com.google.android.gms:play-services-maps:17.0.0] AndroidManifest.xml:23:22-76
24    <uses-permission android:name="android.permission.INTERNET" />
24-->[com.google.android.gms:play-services-maps:17.0.0] AndroidManifest.xml:24:5-67
24-->[com.google.android.gms:play-services-maps:17.0.0] AndroidManifest.xml:24:22-64
25
26    <uses-feature
26-->[com.google.android.gms:play-services-maps:17.0.0] AndroidManifest.xml:26:5-28:35
27        android:glEsVersion="0x00020000"
27-->[com.google.android.gms:play-services-maps:17.0.0] AndroidManifest.xml:27:9-41
28        android:required="true" />
28-->[com.google.android.gms:play-services-maps:17.0.0] AndroidManifest.xml:28:9-32
29
30    <uses-permission android:name="android.permission.WAKE_LOCK" />
30-->[com.google.android.gms:play-services-measurement:17.2.2] AndroidManifest.xml:25:5-68
30-->[com.google.android.gms:play-services-measurement:17.2.2] AndroidManifest.xml:25:22-65
31    <uses-permission android:name="com.google.android.finsky.permission.BIND_GET_INSTALL_REFERRER_SERVICE" /> <!-- Required by older versions of Google Play services to create IID tokens -->
31-->[com.google.android.gms:play-services-measurement:17.2.2] AndroidManifest.xml:26:5-110
31-->[com.google.android.gms:play-services-measurement:17.2.2] AndroidManifest.xml:26:22-107
32    <uses-permission android:name="com.google.android.c2dm.permission.RECEIVE" />
32-->[com.google.firebase:firebase-iid:20.0.2] AndroidManifest.xml:26:5-82
32-->[com.google.firebase:firebase-iid:20.0.2] AndroidManifest.xml:26:22-79
33
34    <application
34-->src\main\AndroidManifest.xml:17:5-55:19
35        android:allowBackup="true"
35-->src\main\AndroidManifest.xml:18:9-35
36        android:appComponentFactory="androidx.core.app.CoreComponentFactory"
36-->[androidx.core:core:1.2.0] AndroidManifest.xml:24:18-86
37        android:debuggable="true"
38        android:icon="@mipmap/ic_launcher"
38-->src\main\AndroidManifest.xml:19:9-43
39        android:label="@string/app_name"
39-->src\main\AndroidManifest.xml:20:9-41
40        android:roundIcon="@mipmap/ic_launcher_round"
40-->src\main\AndroidManifest.xml:21:9-54
41        android:supportsRtl="true"
41-->src\main\AndroidManifest.xml:22:9-35
42        android:testOnly="true"
43        android:theme="@style/AppTheme" >
43-->src\main\AndroidManifest.xml:23:9-40
44        <activity android:name="com.apps.photolocator.UploadNewLocActivity" />
44-->src\main\AndroidManifest.xml:25:9-58
44-->src\main\AndroidManifest.xml:25:19-55
45        <!--
46             The API key for Google Maps-based APIs is defined as a string resource.
47             (See the file "res/values/google_maps_api.xml").
48             Note that the API key is linked to the encryption key used to sign the APK.
49             You need a different API key for each encryption key, including the release key that is used to
50             sign the APK for publishing.
51             You can define the keys for the debug and release targets in src/debug/ and src/release/.
52        -->
53        <meta-data
53-->src\main\AndroidManifest.xml:34:9-36:55
54            android:name="com.google.android.geo.API_KEY"
54-->src\main\AndroidManifest.xml:35:13-58
55            android:value="@string/google_maps_key" />
55-->src\main\AndroidManifest.xml:36:13-52
56
57        <activity android:name="com.apps.photolocator.MainActivity" >
57-->src\main\AndroidManifest.xml:38:9-44:20
57-->src\main\AndroidManifest.xml:38:19-47
58            <intent-filter>
58-->src\main\AndroidManifest.xml:39:13-43:29
59                <action android:name="android.intent.action.MAIN" />
59-->src\main\AndroidManifest.xml:40:17-69
59-->src\main\AndroidManifest.xml:40:25-66
60
61                <category android:name="android.intent.category.LAUNCHER" />
61-->src\main\AndroidManifest.xml:42:17-77
61-->src\main\AndroidManifest.xml:42:27-74
62            </intent-filter>
63        </activity>
64        <activity android:name="com.apps.photolocator.registerlogin.LoginActivity" />
64-->src\main\AndroidManifest.xml:45:9-65
64-->src\main\AndroidManifest.xml:45:19-62
65        <activity android:name="com.apps.photolocator.registerlogin.RegisterActivity" >
65-->src\main\AndroidManifest.xml:46:9-52:20
65-->src\main\AndroidManifest.xml:46:19-65
66            <intent-filter>
66-->src\main\AndroidManifest.xml:39:13-43:29
67                <action android:name="android.intent.action.MAIN" />
67-->src\main\AndroidManifest.xml:40:17-69
67-->src\main\AndroidManifest.xml:40:25-66
68
69                <category android:name="android.intent.category.LAUNCHER" />
69-->src\main\AndroidManifest.xml:42:17-77
69-->src\main\AndroidManifest.xml:42:27-74
70            </intent-filter>
71        </activity>
72        <activity android:name="com.apps.photolocator.MapsActivity" />
72-->src\main\AndroidManifest.xml:53:9-50
72-->src\main\AndroidManifest.xml:53:19-47
73        <activity android:name="com.apps.photolocator.SettingsActivity" />
73-->src\main\AndroidManifest.xml:54:9-54
73-->src\main\AndroidManifest.xml:54:19-51
74        <!-- Needs to be explicitly declared on P+ -->
75        <uses-library
75-->[com.google.android.gms:play-services-maps:17.0.0] AndroidManifest.xml:33:9-35:40
76            android:name="org.apache.http.legacy"
76-->[com.google.android.gms:play-services-maps:17.0.0] AndroidManifest.xml:34:13-50
77            android:required="false" />
77-->[com.google.android.gms:play-services-maps:17.0.0] AndroidManifest.xml:35:13-37
78
79        <activity
79-->[com.google.firebase:firebase-auth:19.2.0] AndroidManifest.xml:24:9-31:50
80            android:name="com.google.firebase.auth.internal.FederatedSignInActivity"
80-->[com.google.firebase:firebase-auth:19.2.0] AndroidManifest.xml:25:13-85
81            android:excludeFromRecents="true"
81-->[com.google.firebase:firebase-auth:19.2.0] AndroidManifest.xml:26:13-46
82            android:exported="true"
82-->[com.google.firebase:firebase-auth:19.2.0] AndroidManifest.xml:27:13-36
83            android:launchMode="singleTask"
83-->[com.google.firebase:firebase-auth:19.2.0] AndroidManifest.xml:28:13-44
84            android:permission="com.google.firebase.auth.api.gms.permission.LAUNCH_FEDERATED_SIGN_IN"
84-->[com.google.firebase:firebase-auth:19.2.0] AndroidManifest.xml:29:13-102
85            android:theme="@android:style/Theme.Translucent.NoTitleBar" />
85-->[com.google.firebase:firebase-auth:19.2.0] AndroidManifest.xml:30:13-72
86
87        <service
87-->[com.google.firebase:firebase-auth:19.2.0] AndroidManifest.xml:33:9-39:19
88            android:name="com.google.firebase.components.ComponentDiscoveryService"
88-->[com.google.firebase:firebase-auth:19.2.0] AndroidManifest.xml:34:13-84
89            android:directBootAware="true"
89-->[com.google.firebase:firebase-common:19.3.0] AndroidManifest.xml:34:13-43
90            android:exported="false" >
90-->[com.google.firebase:firebase-auth:19.2.0] AndroidManifest.xml:35:13-37
91            <meta-data
91-->[com.google.firebase:firebase-auth:19.2.0] AndroidManifest.xml:36:13-38:85
92                android:name="com.google.firebase.components:com.google.firebase.auth.FirebaseAuthRegistrar"
92-->[com.google.firebase:firebase-auth:19.2.0] AndroidManifest.xml:37:17-109
93                android:value="com.google.firebase.components.ComponentRegistrar" />
93-->[com.google.firebase:firebase-auth:19.2.0] AndroidManifest.xml:38:17-82
94            <meta-data
94-->[com.google.firebase:firebase-storage:19.1.1] AndroidManifest.xml:33:13-35:85
95                android:name="com.google.firebase.components:com.google.firebase.storage.StorageRegistrar"
95-->[com.google.firebase:firebase-storage:19.1.1] AndroidManifest.xml:34:17-107
96                android:value="com.google.firebase.components.ComponentRegistrar" />
96-->[com.google.firebase:firebase-storage:19.1.1] AndroidManifest.xml:35:17-82
97            <meta-data
97-->[com.google.firebase:firebase-database:19.2.1] AndroidManifest.xml:32:13-34:85
98                android:name="com.google.firebase.components:com.google.firebase.database.DatabaseRegistrar"
98-->[com.google.firebase:firebase-database:19.2.1] AndroidManifest.xml:33:17-109
99                android:value="com.google.firebase.components.ComponentRegistrar" />
99-->[com.google.firebase:firebase-database:19.2.1] AndroidManifest.xml:34:17-82
100            <meta-data
100-->[com.google.android.gms:play-services-measurement-api:17.2.2] AndroidManifest.xml:30:13-32:85
101                android:name="com.google.firebase.components:com.google.firebase.analytics.connector.internal.AnalyticsConnectorRegistrar"
101-->[com.google.android.gms:play-services-measurement-api:17.2.2] AndroidManifest.xml:31:17-139
102                android:value="com.google.firebase.components.ComponentRegistrar" />
102-->[com.google.android.gms:play-services-measurement-api:17.2.2] AndroidManifest.xml:32:17-82
103            <meta-data
103-->[com.google.firebase:firebase-iid:20.0.2] AndroidManifest.xml:32:13-34:85
104                android:name="com.google.firebase.components:com.google.firebase.iid.Registrar"
104-->[com.google.firebase:firebase-iid:20.0.2] AndroidManifest.xml:33:17-96
105                android:value="com.google.firebase.components.ComponentRegistrar" />
105-->[com.google.firebase:firebase-iid:20.0.2] AndroidManifest.xml:34:17-82
106        </service>
107
108        <provider
108-->[com.squareup.picasso:picasso:2.71828] AndroidManifest.xml:8:9-11:40
109            android:name="com.squareup.picasso.PicassoProvider"
109-->[com.squareup.picasso:picasso:2.71828] AndroidManifest.xml:9:13-64
110            android:authorities="com.apps.photolocator.com.squareup.picasso"
110-->[com.squareup.picasso:picasso:2.71828] AndroidManifest.xml:10:13-72
111            android:exported="false" />
111-->[com.squareup.picasso:picasso:2.71828] AndroidManifest.xml:11:13-37
112
113        <receiver
113-->[com.google.android.gms:play-services-measurement:17.2.2] AndroidManifest.xml:29:9-33:20
114            android:name="com.google.android.gms.measurement.AppMeasurementReceiver"
114-->[com.google.android.gms:play-services-measurement:17.2.2] AndroidManifest.xml:30:13-85
115            android:enabled="true"
115-->[com.google.android.gms:play-services-measurement:17.2.2] AndroidManifest.xml:31:13-35
116            android:exported="false" >
116-->[com.google.android.gms:play-services-measurement:17.2.2] AndroidManifest.xml:32:13-37
117        </receiver>
118        <receiver
118-->[com.google.android.gms:play-services-measurement:17.2.2] AndroidManifest.xml:34:9-42:20
119            android:name="com.google.android.gms.measurement.AppMeasurementInstallReferrerReceiver"
119-->[com.google.android.gms:play-services-measurement:17.2.2] AndroidManifest.xml:35:13-100
120            android:enabled="true"
120-->[com.google.android.gms:play-services-measurement:17.2.2] AndroidManifest.xml:36:13-35
121            android:exported="true"
121-->[com.google.android.gms:play-services-measurement:17.2.2] AndroidManifest.xml:37:13-36
122            android:permission="android.permission.INSTALL_PACKAGES" >
122-->[com.google.android.gms:play-services-measurement:17.2.2] AndroidManifest.xml:38:13-69
123            <intent-filter>
123-->[com.google.android.gms:play-services-measurement:17.2.2] AndroidManifest.xml:39:13-41:29
124                <action android:name="com.android.vending.INSTALL_REFERRER" />
124-->[com.google.android.gms:play-services-measurement:17.2.2] AndroidManifest.xml:40:17-79
124-->[com.google.android.gms:play-services-measurement:17.2.2] AndroidManifest.xml:40:25-76
125            </intent-filter>
126        </receiver>
127
128        <service
128-->[com.google.android.gms:play-services-measurement:17.2.2] AndroidManifest.xml:44:9-47:40
129            android:name="com.google.android.gms.measurement.AppMeasurementService"
129-->[com.google.android.gms:play-services-measurement:17.2.2] AndroidManifest.xml:45:13-84
130            android:enabled="true"
130-->[com.google.android.gms:play-services-measurement:17.2.2] AndroidManifest.xml:46:13-35
131            android:exported="false" />
131-->[com.google.android.gms:play-services-measurement:17.2.2] AndroidManifest.xml:47:13-37
132        <service
132-->[com.google.android.gms:play-services-measurement:17.2.2] AndroidManifest.xml:48:9-52:72
133            android:name="com.google.android.gms.measurement.AppMeasurementJobService"
133-->[com.google.android.gms:play-services-measurement:17.2.2] AndroidManifest.xml:49:13-87
134            android:enabled="true"
134-->[com.google.android.gms:play-services-measurement:17.2.2] AndroidManifest.xml:50:13-35
135            android:exported="false"
135-->[com.google.android.gms:play-services-measurement:17.2.2] AndroidManifest.xml:51:13-37
136            android:permission="android.permission.BIND_JOB_SERVICE" />
136-->[com.google.android.gms:play-services-measurement:17.2.2] AndroidManifest.xml:52:13-69
137
138        <receiver
138-->[com.google.firebase:firebase-iid:20.0.2] AndroidManifest.xml:37:9-44:20
139            android:name="com.google.firebase.iid.FirebaseInstanceIdReceiver"
139-->[com.google.firebase:firebase-iid:20.0.2] AndroidManifest.xml:38:13-78
140            android:exported="true"
140-->[com.google.firebase:firebase-iid:20.0.2] AndroidManifest.xml:39:13-36
141            android:permission="com.google.android.c2dm.permission.SEND" >
141-->[com.google.firebase:firebase-iid:20.0.2] AndroidManifest.xml:40:13-73
142            <intent-filter>
142-->[com.google.firebase:firebase-iid:20.0.2] AndroidManifest.xml:41:13-43:29
143                <action android:name="com.google.android.c2dm.intent.RECEIVE" />
143-->[com.google.firebase:firebase-iid:20.0.2] AndroidManifest.xml:42:17-81
143-->[com.google.firebase:firebase-iid:20.0.2] AndroidManifest.xml:42:25-78
144            </intent-filter>
145        </receiver>
146
147        <activity
147-->[com.google.android.gms:play-services-base:17.1.0] AndroidManifest.xml:23:9-26:75
148            android:name="com.google.android.gms.common.api.GoogleApiActivity"
148-->[com.google.android.gms:play-services-base:17.1.0] AndroidManifest.xml:24:13-79
149            android:exported="false"
149-->[com.google.android.gms:play-services-base:17.1.0] AndroidManifest.xml:25:13-37
150            android:theme="@android:style/Theme.Translucent.NoTitleBar" />
150-->[com.google.android.gms:play-services-base:17.1.0] AndroidManifest.xml:26:13-72
151
152        <provider
152-->[com.google.firebase:firebase-common:19.3.0] AndroidManifest.xml:26:9-30:39
153            android:name="com.google.firebase.provider.FirebaseInitProvider"
153-->[com.google.firebase:firebase-common:19.3.0] AndroidManifest.xml:27:13-77
154            android:authorities="com.apps.photolocator.firebaseinitprovider"
154-->[com.google.firebase:firebase-common:19.3.0] AndroidManifest.xml:28:13-72
155            android:exported="false"
155-->[com.google.firebase:firebase-common:19.3.0] AndroidManifest.xml:29:13-37
156            android:initOrder="100" />
156-->[com.google.firebase:firebase-common:19.3.0] AndroidManifest.xml:30:13-36
157
158        <meta-data
158-->[com.google.android.gms:play-services-basement:17.0.0] AndroidManifest.xml:23:9-25:69
159            android:name="com.google.android.gms.version"
159-->[com.google.android.gms:play-services-basement:17.0.0] AndroidManifest.xml:24:13-58
160            android:value="@integer/google_play_services_version" />
160-->[com.google.android.gms:play-services-basement:17.0.0] AndroidManifest.xml:25:13-66
161    </application>
162
163</manifest>